2024-09-12 00:59:55,760 [myid:] - INFO  [main:o.a.z.s.q.QuorumPeerConfig@177] - Reading configuration from: /Users/chandu/MS_Computer_Science_ASU/Final_Year/FULL_TIME/Zookeeper/apache-zookeeper-3.8.4-bin/bin/../conf/zoo.cfg
2024-09-12 00:59:55,763 [myid:] - INFO  [main:o.a.z.s.q.QuorumPeerConfig@440] - clientPortAddress is 0.0.0.0:2181
2024-09-12 00:59:55,763 [myid:] - INFO  [main:o.a.z.s.q.QuorumPeerConfig@444] - secureClientPort is not set
2024-09-12 00:59:55,763 [myid:] - INFO  [main:o.a.z.s.q.QuorumPeerConfig@460] - observerMasterPort is not set
2024-09-12 00:59:55,763 [myid:] - INFO  [main:o.a.z.s.q.QuorumPeerConfig@477] - metricsProvider.className is org.apache.zookeeper.metrics.impl.DefaultMetricsProvider
2024-09-12 00:59:55,764 [myid:] - INFO  [main:o.a.z.s.DatadirCleanupManager@78] - autopurge.snapRetainCount set to 3
2024-09-12 00:59:55,764 [myid:] - INFO  [main:o.a.z.s.DatadirCleanupManager@79] - autopurge.purgeInterval set to 0
2024-09-12 00:59:55,764 [myid:] - INFO  [main:o.a.z.s.DatadirCleanupManager@101] - Purge task is not scheduled.
2024-09-12 00:59:55,764 [myid:] - WARN  [main:o.a.z.s.q.QuorumPeerMain@139] - Either no config or no quorum defined in config, running in standalone mode
2024-09-12 00:59:55,765 [myid:] - INFO  [main:o.a.z.j.ManagedUtil@46] - Log4j 1.2 jmx support not found; jmx disabled.
2024-09-12 00:59:55,765 [myid:] - INFO  [main:o.a.z.s.q.QuorumPeerConfig@177] - Reading configuration from: /Users/chandu/MS_Computer_Science_ASU/Final_Year/FULL_TIME/Zookeeper/apache-zookeeper-3.8.4-bin/bin/../conf/zoo.cfg
2024-09-12 00:59:55,765 [myid:] - INFO  [main:o.a.z.s.q.QuorumPeerConfig@440] - clientPortAddress is 0.0.0.0:2181
2024-09-12 00:59:55,765 [myid:] - INFO  [main:o.a.z.s.q.QuorumPeerConfig@444] - secureClientPort is not set
2024-09-12 00:59:55,765 [myid:] - INFO  [main:o.a.z.s.q.QuorumPeerConfig@460] - observerMasterPort is not set
2024-09-12 00:59:55,765 [myid:] - INFO  [main:o.a.z.s.q.QuorumPeerConfig@477] - metricsProvider.className is org.apache.zookeeper.metrics.impl.DefaultMetricsProvider
2024-09-12 00:59:55,765 [myid:] - INFO  [main:o.a.z.s.ZooKeeperServerMain@123] - Starting server
2024-09-12 00:59:55,770 [myid:] - INFO  [main:o.a.z.s.ServerMetrics@64] - ServerMetrics initialized with provider org.apache.zookeeper.metrics.impl.DefaultMetricsProvider@a1153bc
2024-09-12 00:59:55,772 [myid:] - INFO  [main:o.a.z.s.a.DigestAuthenticationProvider@47] - ACL digest algorithm is: SHA1
2024-09-12 00:59:55,772 [myid:] - INFO  [main:o.a.z.s.a.DigestAuthenticationProvider@61] - zookeeper.DigestAuthenticationProvider.enabled = true
2024-09-12 00:59:55,773 [myid:] - INFO  [main:o.a.z.s.p.FileTxnSnapLog@124] - zookeeper.snapshot.trust.empty : false
2024-09-12 00:59:55,777 [myid:] - INFO  [main:o.a.z.ZookeeperBanner@42] - 
2024-09-12 00:59:55,777 [myid:] - INFO  [main:o.a.z.ZookeeperBanner@42] -   ______                  _                                          
2024-09-12 00:59:55,777 [myid:] - INFO  [main:o.a.z.ZookeeperBanner@42] -  |___  /                 | |                                         
2024-09-12 00:59:55,777 [myid:] - INFO  [main:o.a.z.ZookeeperBanner@42] -     / /    ___     ___   | | __   ___    ___   _ __     ___   _ __   
2024-09-12 00:59:55,777 [myid:] - INFO  [main:o.a.z.ZookeeperBanner@42] -    / /    / _ \   / _ \  | |/ /  / _ \  / _ \ | '_ \   / _ \ | '__|
2024-09-12 00:59:55,777 [myid:] - INFO  [main:o.a.z.ZookeeperBanner@42] -   / /__  | (_) | | (_) | |   <  |  __/ |  __/ | |_) | |  __/ | |    
2024-09-12 00:59:55,777 [myid:] - INFO  [main:o.a.z.ZookeeperBanner@42] -  /_____|  \___/   \___/  |_|\_\  \___|  \___| | .__/   \___| |_|
2024-09-12 00:59:55,777 [myid:] - INFO  [main:o.a.z.ZookeeperBanner@42] -                                               | |                     
2024-09-12 00:59:55,777 [myid:] - INFO  [main:o.a.z.ZookeeperBanner@42] -                                               |_|                     
2024-09-12 00:59:55,777 [myid:] - INFO  [main:o.a.z.ZookeeperBanner@42] - 
2024-09-12 00:59:55,778 [myid:] - INFO  [main:o.a.z.Environment@98] - Server environment:zookeeper.version=3.8.4-9316c2a7a97e1666d8f4593f34dd6fc36ecc436c, built on 2024-02-12 22:16 UTC
2024-09-12 00:59:55,779 [myid:] - INFO  [main:o.a.z.Environment@98] - Server environment:host.name=localhost
2024-09-12 00:59:55,779 [myid:] - INFO  [main:o.a.z.Environment@98] - Server environment:java.version=19
2024-09-12 00:59:55,779 [myid:] - INFO  [main:o.a.z.Environment@98] - Server environment:java.vendor=Oracle Corporation
2024-09-12 00:59:55,779 [myid:] - INFO  [main:o.a.z.Environment@98] - Server environment:java.home=/Users/chandu/Library/Java/JavaVirtualMachines/openjdk-19/Contents/Home
2024-09-12 00:59:55,779 [myid:] - INFO  [main:o.a.z.Environment@98] - Server environment:java.class.path=/Users/chandu/MS_Computer_Science_ASU/Final_Year/FULL_TIME/Zookeeper/apache-zookeeper-3.8.4-bin/bin/../zookeeper-server/target/classes:/Users/chandu/MS_Computer_Science_ASU/Final_Year/FULL_TIME/Zookeeper/apache-zookeeper-3.8.4-bin/bin/../build/classes:/Users/chandu/MS_Computer_Science_ASU/Final_Year/FULL_TIME/Zookeeper/apache-zookeeper-3.8.4-bin/bin/../zookeeper-server/target/lib/*.jar:/Users/chandu/MS_Computer_Science_ASU/Final_Year/FULL_TIME/Zookeeper/apache-zookeeper-3.8.4-bin/bin/../build/lib/*.jar:/Users/chandu/MS_Computer_Science_ASU/Final_Year/FULL_TIME/Zookeeper/apache-zookeeper-3.8.4-bin/bin/../lib/zookeeper-prometheus-metrics-3.8.4.jar:/Users/chandu/MS_Computer_Science_ASU/Final_Year/FULL_TIME/Zookeeper/apache-zookeeper-3.8.4-bin/bin/../lib/zookeeper-jute-3.8.4.jar:/Users/chandu/MS_Computer_Science_ASU/Final_Year/FULL_TIME/Zookeeper/apache-zookeeper-3.8.4-bin/bin/../lib/zookeeper-3.8.4.jar:/Users/chandu/MS_Computer_Science_ASU/Final_Year/FULL_TIME/Zookeeper/apache-zookeeper-3.8.4-bin/bin/../lib/snappy-java-1.1.10.5.jar:/Users/chandu/MS_Computer_Science_ASU/Final_Year/FULL_TIME/Zookeeper/apache-zookeeper-3.8.4-bin/bin/../lib/slf4j-api-1.7.30.jar:/Users/chandu/MS_Computer_Science_ASU/Final_Year/FULL_TIME/Zookeeper/apache-zookeeper-3.8.4-bin/bin/../lib/simpleclient_servlet-0.9.0.jar:/Users/chandu/MS_Computer_Science_ASU/Final_Year/FULL_TIME/Zookeeper/apache-zookeeper-3.8.4-bin/bin/../lib/simpleclient_hotspot-0.9.0.jar:/Users/chandu/MS_Computer_Science_ASU/Final_Year/FULL_TIME/Zookeeper/apache-zookeeper-3.8.4-bin/bin/../lib/simpleclient_common-0.9.0.jar:/Users/chandu/MS_Computer_Science_ASU/Final_Year/FULL_TIME/Zookeeper/apache-zookeeper-3.8.4-bin/bin/../lib/simpleclient-0.9.0.jar:/Users/chandu/MS_Computer_Science_ASU/Final_Year/FULL_TIME/Zookeeper/apache-zookeeper-3.8.4-bin/bin/../lib/netty-transport-native-unix-common-4.1.105.Final.jar:/Users/chandu/MS_Computer_Science_ASU/Final_Year/FULL_TIME/Zookeeper/apache-zookeeper-3.8.4-bin/bin/../lib/netty-transport-native-epoll-4.1.105.Final.jar:/Users/chandu/MS_Computer_Science_ASU/Final_Year/FULL_TIME/Zookeeper/apache-zookeeper-3.8.4-bin/bin/../lib/netty-transport-classes-epoll-4.1.105.Final.jar:/Users/chandu/MS_Computer_Science_ASU/Final_Year/FULL_TIME/Zookeeper/apache-zookeeper-3.8.4-bin/bin/../lib/netty-transport-4.1.105.Final.jar:/Users/chandu/MS_Computer_Science_ASU/Final_Year/FULL_TIME/Zookeeper/apache-zookeeper-3.8.4-bin/bin/../lib/netty-resolver-4.1.105.Final.jar:/Users/chandu/MS_Computer_Science_ASU/Final_Year/FULL_TIME/Zookeeper/apache-zookeeper-3.8.4-bin/bin/../lib/netty-handler-4.1.105.Final.jar:/Users/chandu/MS_Computer_Science_ASU/Final_Year/FULL_TIME/Zookeeper/apache-zookeeper-3.8.4-bin/bin/../lib/netty-common-4.1.105.Final.jar:/Users/chandu/MS_Computer_Science_ASU/Final_Year/FULL_TIME/Zookeeper/apache-zookeeper-3.8.4-bin/bin/../lib/netty-codec-4.1.105.Final.jar:/Users/chandu/MS_Computer_Science_ASU/Final_Year/FULL_TIME/Zookeeper/apache-zookeeper-3.8.4-bin/bin/../lib/netty-buffer-4.1.105.Final.jar:/Users/chandu/MS_Computer_Science_ASU/Final_Year/FULL_TIME/Zookeeper/apache-zookeeper-3.8.4-bin/bin/../lib/metrics-core-4.1.12.1.jar:/Users/chandu/MS_Computer_Science_ASU/Final_Year/FULL_TIME/Zookeeper/apache-zookeeper-3.8.4-bin/bin/../lib/logback-core-1.2.13.jar:/Users/chandu/MS_Computer_Science_ASU/Final_Year/FULL_TIME/Zookeeper/apache-zookeeper-3.8.4-bin/bin/../lib/logback-classic-1.2.13.jar:/Users/chandu/MS_Computer_Science_ASU/Final_Year/FULL_TIME/Zookeeper/apache-zookeeper-3.8.4-bin/bin/../lib/jline-2.14.6.jar:/Users/chandu/MS_Computer_Science_ASU/Final_Year/FULL_TIME/Zookeeper/apache-zookeeper-3.8.4-bin/bin/../lib/jetty-util-ajax-9.4.53.v20231009.jar:/Users/chandu/MS_Computer_Science_ASU/Final_Year/FULL_TIME/Zookeeper/apache-zookeeper-3.8.4-bin/bin/../lib/jetty-util-9.4.53.v20231009.jar:/Users/chandu/MS_Computer_Science_ASU/Final_Year/FULL_TIME/Zookeeper/apache-zookeeper-3.8.4-bin/bin/../lib/jetty-servlet-9.4.53.v20231009.jar:/Users/chandu/MS_Computer_Science_ASU/Final_Year/FULL_TIME/Zookeeper/apache-zookeeper-3.8.4-bin/bin/../lib/jetty-server-9.4.53.v20231009.jar:/Users/chandu/MS_Computer_Science_ASU/Final_Year/FULL_TIME/Zookeeper/apache-zookeeper-3.8.4-bin/bin/../lib/jetty-security-9.4.53.v20231009.jar:/Users/chandu/MS_Computer_Science_ASU/Final_Year/FULL_TIME/Zookeeper/apache-zookeeper-3.8.4-bin/bin/../lib/jetty-io-9.4.53.v20231009.jar:/Users/chandu/MS_Computer_Science_ASU/Final_Year/FULL_TIME/Zookeeper/apache-zookeeper-3.8.4-bin/bin/../lib/jetty-http-9.4.53.v20231009.jar:/Users/chandu/MS_Computer_Science_ASU/Final_Year/FULL_TIME/Zookeeper/apache-zookeeper-3.8.4-bin/bin/../lib/javax.servlet-api-3.1.0.jar:/Users/chandu/MS_Computer_Science_ASU/Final_Year/FULL_TIME/Zookeeper/apache-zookeeper-3.8.4-bin/bin/../lib/jackson-databind-2.15.2.jar:/Users/chandu/MS_Computer_Science_ASU/Final_Year/FULL_TIME/Zookeeper/apache-zookeeper-3.8.4-bin/bin/../lib/jackson-core-2.15.2.jar:/Users/chandu/MS_Computer_Science_ASU/Final_Year/FULL_TIME/Zookeeper/apache-zookeeper-3.8.4-bin/bin/../lib/jackson-annotations-2.15.2.jar:/Users/chandu/MS_Computer_Science_ASU/Final_Year/FULL_TIME/Zookeeper/apache-zookeeper-3.8.4-bin/bin/../lib/commons-io-2.11.0.jar:/Users/chandu/MS_Computer_Science_ASU/Final_Year/FULL_TIME/Zookeeper/apache-zookeeper-3.8.4-bin/bin/../lib/commons-cli-1.5.0.jar:/Users/chandu/MS_Computer_Science_ASU/Final_Year/FULL_TIME/Zookeeper/apache-zookeeper-3.8.4-bin/bin/../lib/audience-annotations-0.12.0.jar:/Users/chandu/MS_Computer_Science_ASU/Final_Year/FULL_TIME/Zookeeper/apache-zookeeper-3.8.4-bin/bin/../zookeeper-*.jar:/Users/chandu/MS_Computer_Science_ASU/Final_Year/FULL_TIME/Zookeeper/apache-zookeeper-3.8.4-bin/bin/../zookeeper-server/src/main/resources/lib/*.jar:/Users/chandu/MS_Computer_Science_ASU/Final_Year/FULL_TIME/Zookeeper/apache-zookeeper-3.8.4-bin/bin/../conf:
2024-09-12 00:59:55,779 [myid:] - INFO  [main:o.a.z.Environment@98] - Server environment:java.library.path=/Users/chandu/Library/Java/Extensions:/Library/Java/Extensions:/Network/Library/Java/Extensions:/System/Library/Java/Extensions:/usr/lib/java:.
2024-09-12 00:59:55,779 [myid:] - INFO  [main:o.a.z.Environment@98] - Server environment:java.io.tmpdir=/var/folders/fy/qqn57zs17x77vm26z01fj01c0000gn/T/
2024-09-12 00:59:55,779 [myid:] - INFO  [main:o.a.z.Environment@98] - Server environment:java.compiler=<NA>
2024-09-12 00:59:55,779 [myid:] - INFO  [main:o.a.z.Environment@98] - Server environment:os.name=Mac OS X
2024-09-12 00:59:55,779 [myid:] - INFO  [main:o.a.z.Environment@98] - Server environment:os.arch=aarch64
2024-09-12 00:59:55,779 [myid:] - INFO  [main:o.a.z.Environment@98] - Server environment:os.version=14.5
2024-09-12 00:59:55,779 [myid:] - INFO  [main:o.a.z.Environment@98] - Server environment:user.name=chandu
2024-09-12 00:59:55,779 [myid:] - INFO  [main:o.a.z.Environment@98] - Server environment:user.home=/Users/chandu
2024-09-12 00:59:55,779 [myid:] - INFO  [main:o.a.z.Environment@98] - Server environment:user.dir=/Users/chandu/MS_Computer_Science_ASU/Final_Year/FULL_TIME/Zookeeper/apache-zookeeper-3.8.4-bin/bin
2024-09-12 00:59:55,779 [myid:] - INFO  [main:o.a.z.Environment@98] - Server environment:os.memory.free=112MB
2024-09-12 00:59:55,779 [myid:] - INFO  [main:o.a.z.Environment@98] - Server environment:os.memory.max=1000MB
2024-09-12 00:59:55,779 [myid:] - INFO  [main:o.a.z.Environment@98] - Server environment:os.memory.total=130MB
2024-09-12 00:59:55,779 [myid:] - INFO  [main:o.a.z.s.ZooKeeperServer@140] - zookeeper.enableEagerACLCheck = false
2024-09-12 00:59:55,779 [myid:] - INFO  [main:o.a.z.s.ZooKeeperServer@153] - zookeeper.digest.enabled = true
2024-09-12 00:59:55,779 [myid:] - INFO  [main:o.a.z.s.ZooKeeperServer@157] - zookeeper.closeSessionTxn.enabled = true
2024-09-12 00:59:55,779 [myid:] - INFO  [main:o.a.z.s.ZooKeeperServer@1510] - zookeeper.flushDelay = 0 ms
2024-09-12 00:59:55,779 [myid:] - INFO  [main:o.a.z.s.ZooKeeperServer@1519] - zookeeper.maxWriteQueuePollTime = 0 ms
2024-09-12 00:59:55,779 [myid:] - INFO  [main:o.a.z.s.ZooKeeperServer@1528] - zookeeper.maxBatchSize=1000
2024-09-12 00:59:55,779 [myid:] - INFO  [main:o.a.z.s.ZooKeeperServer@275] - zookeeper.intBufferStartingSizeBytes = 1024
2024-09-12 00:59:55,780 [myid:] - INFO  [main:o.a.z.s.BlueThrottle@141] - Weighed connection throttling is disabled
2024-09-12 00:59:55,780 [myid:] - INFO  [main:o.a.z.s.ZooKeeperServer@1311] - minSessionTimeout set to 4000 ms
2024-09-12 00:59:55,780 [myid:] - INFO  [main:o.a.z.s.ZooKeeperServer@1320] - maxSessionTimeout set to 40000 ms
2024-09-12 00:59:55,781 [myid:] - INFO  [main:o.a.z.s.ResponseCache@45] - getData response cache size is initialized with value 400.
2024-09-12 00:59:55,781 [myid:] - INFO  [main:o.a.z.s.ResponseCache@45] - getChildren response cache size is initialized with value 400.
2024-09-12 00:59:55,781 [myid:] - INFO  [main:o.a.z.s.u.RequestPathMetricsCollector@109] - zookeeper.pathStats.slotCapacity = 60
2024-09-12 00:59:55,781 [myid:] - INFO  [main:o.a.z.s.u.RequestPathMetricsCollector@110] - zookeeper.pathStats.slotDuration = 15
2024-09-12 00:59:55,781 [myid:] - INFO  [main:o.a.z.s.u.RequestPathMetricsCollector@111] - zookeeper.pathStats.maxDepth = 6
2024-09-12 00:59:55,781 [myid:] - INFO  [main:o.a.z.s.u.RequestPathMetricsCollector@112] - zookeeper.pathStats.initialDelay = 5
2024-09-12 00:59:55,781 [myid:] - INFO  [main:o.a.z.s.u.RequestPathMetricsCollector@113] - zookeeper.pathStats.delay = 5
2024-09-12 00:59:55,781 [myid:] - INFO  [main:o.a.z.s.u.RequestPathMetricsCollector@114] - zookeeper.pathStats.enabled = false
2024-09-12 00:59:55,783 [myid:] - INFO  [main:o.a.z.s.ZooKeeperServer@1547] - The max bytes for all large requests are set to 104857600
2024-09-12 00:59:55,783 [myid:] - INFO  [main:o.a.z.s.ZooKeeperServer@1561] - The large request threshold is set to -1
2024-09-12 00:59:55,783 [myid:] - INFO  [main:o.a.z.s.AuthenticationHelper@66] - zookeeper.enforce.auth.enabled = false
2024-09-12 00:59:55,783 [myid:] - INFO  [main:o.a.z.s.AuthenticationHelper@67] - zookeeper.enforce.auth.schemes = []
2024-09-12 00:59:55,783 [myid:] - INFO  [main:o.a.z.s.ZooKeeperServer@376] - Created server with tickTime 2000 ms minSessionTimeout 4000 ms maxSessionTimeout 40000 ms clientPortListenBacklog -1 datadir /Users/chandu/MS_Computer_Science_ASU/Final_Year/FULL_TIME/Zookeeper/apache-zookeeper-3.8.4-bin/logs/version-2 snapdir /Users/chandu/MS_Computer_Science_ASU/Final_Year/FULL_TIME/Zookeeper/apache-zookeeper-3.8.4-bin/logs/version-2
2024-09-12 00:59:55,797 [myid:] - INFO  [main:o.e.j.u.l.Log@170] - Logging initialized @538ms to org.eclipse.jetty.util.log.Slf4jLog
2024-09-12 00:59:55,829 [myid:] - WARN  [main:o.e.j.s.h.ContextHandler@1662] - o.e.j.s.ServletContextHandler@51e69659{/,null,STOPPED} contextPath ends with /*
2024-09-12 00:59:55,829 [myid:] - WARN  [main:o.e.j.s.h.ContextHandler@1673] - Empty contextPath
2024-09-12 00:59:55,839 [myid:] - INFO  [main:o.e.j.s.Server@375] - jetty-9.4.53.v20231009; built: 2023-10-09T12:29:09.265Z; git: 27bde00a0b95a1d5bbee0eae7984f891d2d0f8c9; jvm 19+36-2238
2024-09-12 00:59:55,855 [myid:] - INFO  [main:o.e.j.s.s.DefaultSessionIdManager@334] - DefaultSessionIdManager workerName=node0
2024-09-12 00:59:55,855 [myid:] - INFO  [main:o.e.j.s.s.DefaultSessionIdManager@339] - No SessionScavenger set, using defaults
2024-09-12 00:59:55,856 [myid:] - INFO  [main:o.e.j.s.s.HouseKeeper@132] - node0 Scavenging every 600000ms
2024-09-12 00:59:55,857 [myid:] - WARN  [main:o.e.j.s.ConstraintSecurityHandler@759] - ServletContext@o.e.j.s.ServletContextHandler@51e69659{/,null,STARTING} has uncovered http methods for path: /*
2024-09-12 00:59:55,862 [myid:] - INFO  [main:o.e.j.s.h.ContextHandler@921] - Started o.e.j.s.ServletContextHandler@51e69659{/,null,AVAILABLE}
2024-09-12 00:59:55,868 [myid:] - INFO  [main:o.e.j.s.AbstractConnector@333] - Started ServerConnector@446293d{HTTP/1.1, (http/1.1)}{0.0.0.0:8080}
2024-09-12 00:59:55,868 [myid:] - INFO  [main:o.e.j.s.Server@415] - Started @609ms
2024-09-12 00:59:55,868 [myid:] - INFO  [main:o.a.z.s.a.JettyAdminServer@196] - Started AdminServer on address 0.0.0.0, port 8080 and command URL /commands
2024-09-12 00:59:55,871 [myid:] - INFO  [main:o.a.z.s.ServerCnxnFactory@169] - Using org.apache.zookeeper.server.NIOServerCnxnFactory as server connection factory
2024-09-12 00:59:55,872 [myid:] - WARN  [main:o.a.z.s.ServerCnxnFactory@309] - maxCnxns is not configured, using default value 0.
2024-09-12 00:59:55,872 [myid:] - INFO  [main:o.a.z.s.NIOServerCnxnFactory@652] - Configuring NIO connection handler with 10s sessionless connection timeout, 2 selector thread(s), 16 worker threads, and 64 kB direct buffers.
2024-09-12 00:59:55,873 [myid:] - INFO  [main:o.a.z.s.NIOServerCnxnFactory@660] - binding to port 0.0.0.0/0.0.0.0:2181
2024-09-12 00:59:55,878 [myid:] - INFO  [main:o.a.z.s.w.WatchManagerFactory@42] - Using org.apache.zookeeper.server.watch.WatchManager as watch manager
2024-09-12 00:59:55,878 [myid:] - INFO  [main:o.a.z.s.w.WatchManagerFactory@42] - Using org.apache.zookeeper.server.watch.WatchManager as watch manager
2024-09-12 00:59:55,878 [myid:] - INFO  [main:o.a.z.s.ZKDatabase@132] - zookeeper.snapshotSizeFactor = 0.33
2024-09-12 00:59:55,878 [myid:] - INFO  [main:o.a.z.s.ZKDatabase@152] - zookeeper.commitLogCount=500
2024-09-12 00:59:55,881 [myid:] - INFO  [main:o.a.z.s.p.SnapStream@61] - zookeeper.snapshot.compression.method = CHECKED
2024-09-12 00:59:55,881 [myid:] - INFO  [main:o.a.z.s.p.FileTxnSnapLog@479] - Snapshotting: 0x0 to /Users/chandu/MS_Computer_Science_ASU/Final_Year/FULL_TIME/Zookeeper/apache-zookeeper-3.8.4-bin/logs/version-2/snapshot.0
2024-09-12 00:59:55,882 [myid:] - INFO  [main:o.a.z.s.ZKDatabase@289] - Snapshot loaded in 3 ms, highest zxid is 0x0, digest is 1371985504
2024-09-12 00:59:55,883 [myid:] - INFO  [main:o.a.z.s.p.FileTxnSnapLog@479] - Snapshotting: 0x0 to /Users/chandu/MS_Computer_Science_ASU/Final_Year/FULL_TIME/Zookeeper/apache-zookeeper-3.8.4-bin/logs/version-2/snapshot.0
2024-09-12 00:59:55,883 [myid:] - INFO  [main:o.a.z.s.ZooKeeperServer@558] - Snapshot taken in 0 ms
2024-09-12 00:59:55,886 [myid:] - INFO  [ProcessThread(sid:0 cport:2181)::o.a.z.s.PrepRequestProcessor@138] - PrepRequestProcessor (sid:0) started, reconfigEnabled=false
2024-09-12 00:59:55,886 [myid:] - INFO  [main:o.a.z.s.RequestThrottler@75] - zookeeper.request_throttler.shutdownTimeout = 10000 ms
2024-09-12 00:59:55,891 [myid:] - INFO  [main:o.a.z.s.ContainerManager@84] - Using checkIntervalMs=60000 maxPerMinute=10000 maxNeverUsedIntervalMs=0
2024-09-12 00:59:55,892 [myid:] - INFO  [main:o.a.z.a.ZKAuditProvider@42] - ZooKeeper audit is disabled.
2024-09-12 01:01:41,538 [myid:] - WARN  [NIOWorkerThread-1:o.a.z.s.NIOServerCnxn@391] - Close of session 0x0
java.io.IOException: Len error. A message from /[0:0:0:0:0:0:0:1]:49550 with advertised length of 1195725856 is either a malformed message or too large to process (length is greater than jute.maxbuffer=1048575)
	at org.apache.zookeeper.server.NIOServerCnxn.readLength(NIOServerCnxn.java:560)
	at org.apache.zookeeper.server.NIOServerCnxn.doIO(NIOServerCnxn.java:350)
	at org.apache.zookeeper.server.NIOServerCnxnFactory$IOWorkRequest.doWork(NIOServerCnxnFactory.java:508)
	at org.apache.zookeeper.server.WorkerService$ScheduledWorkRequest.run(WorkerService.java:153)
	at java.base/java.util.concurrent.ThreadPoolExecutor.runWorker(ThreadPoolExecutor.java:1144)
	at java.base/java.util.concurrent.ThreadPoolExecutor$Worker.run(ThreadPoolExecutor.java:642)
	at java.base/java.lang.Thread.run(Thread.java:1589)
2024-09-12 01:01:42,611 [myid:] - WARN  [NIOWorkerThread-2:o.a.z.s.NIOServerCnxn@391] - Close of session 0x0
java.io.IOException: Len error. A message from /[0:0:0:0:0:0:0:1]:49551 with advertised length of 1195725856 is either a malformed message or too large to process (length is greater than jute.maxbuffer=1048575)
	at org.apache.zookeeper.server.NIOServerCnxn.readLength(NIOServerCnxn.java:560)
	at org.apache.zookeeper.server.NIOServerCnxn.doIO(NIOServerCnxn.java:350)
	at org.apache.zookeeper.server.NIOServerCnxnFactory$IOWorkRequest.doWork(NIOServerCnxnFactory.java:508)
	at org.apache.zookeeper.server.WorkerService$ScheduledWorkRequest.run(WorkerService.java:153)
	at java.base/java.util.concurrent.ThreadPoolExecutor.runWorker(ThreadPoolExecutor.java:1144)
	at java.base/java.util.concurrent.ThreadPoolExecutor$Worker.run(ThreadPoolExecutor.java:642)
	at java.base/java.lang.Thread.run(Thread.java:1589)
2024-09-12 01:01:43,590 [myid:] - WARN  [NIOWorkerThread-3:o.a.z.s.NIOServerCnxn@391] - Close of session 0x0
java.io.IOException: Len error. A message from /[0:0:0:0:0:0:0:1]:49552 with advertised length of 1195725856 is either a malformed message or too large to process (length is greater than jute.maxbuffer=1048575)
	at org.apache.zookeeper.server.NIOServerCnxn.readLength(NIOServerCnxn.java:560)
	at org.apache.zookeeper.server.NIOServerCnxn.doIO(NIOServerCnxn.java:350)
	at org.apache.zookeeper.server.NIOServerCnxnFactory$IOWorkRequest.doWork(NIOServerCnxnFactory.java:508)
	at org.apache.zookeeper.server.WorkerService$ScheduledWorkRequest.run(WorkerService.java:153)
	at java.base/java.util.concurrent.ThreadPoolExecutor.runWorker(ThreadPoolExecutor.java:1144)
	at java.base/java.util.concurrent.ThreadPoolExecutor$Worker.run(ThreadPoolExecutor.java:642)
	at java.base/java.lang.Thread.run(Thread.java:1589)
2024-09-12 01:04:19,364 [myid:] - INFO  [SyncThread:0:o.a.z.s.p.FileTxnLog@285] - Creating new log file: log.1
2024-09-12 01:10:34,433 [myid:] - INFO  [NIOWorkerThread-5:o.a.z.s.NIOServerCnxn@340] - Unable to read additional data from client, it probably closed the socket: address = /[0:0:0:0:0:0:0:1]:49581, session = 0x10008b83cb70000
2024-09-12 01:10:57,993 [myid:] - INFO  [SessionTracker:o.a.z.s.ZooKeeperServer@643] - Expiring session 0x10008b83cb70000, timeout of 30000ms exceeded
